Compilación iniciada a las 31/03/2015 23:14:39.
     1>Proyecto "D:\Master\Animacion Avanzada (AA)\Prac3-Particulas\practica3\build\vc100\practica3.vcxproj" en el nodo 2 (Build destinos).
     1>C:\Program Files (x86)\MSBuild\Microsoft.Cpp\v4.0\V120\Microsoft.CppBuild.targets(356,5): warning MSB8004: Intermediate Directory does not end with a trailing slash.  This build instance will add the slash as it is required to allow proper evaluation of the Intermediate Directory.
     1>ClCompile:
         C:\Program Files (x86)\Microsoft Visual Studio 12.0\VC\bin\CL.exe /c /I"..\..\third_party_libraries\freeglut-2.8.1\include" /I..\..\src\pcgsolver /ZI /nologo /W3 /WX- /Od /Oy- /D WIN32 /D _DEBUG /D _CONSOLE /D _UNICODE /D UNICODE /Gm /EHsc /RTC1 /MDd /GS /fp:precise /Zc:wchar_t /Zc:forScope /Fo"Debug\obj\\" /Fd"Debug\obj\vc120.pdb" /Gd /TP /analyze- /errorReport:prompt ..\..\src\fluid2Exercise.cpp ..\..\src\fluidVisualizer2.cpp ..\..\src\index2.cpp ..\..\src\main.cpp ..\..\src\scene.cpp ..\..\src\vec2.cpp
         vec2.cpp
         scene.cpp
         main.cpp
         index2.cpp
         fluidVisualizer2.cpp
         fluid2Exercise.cpp
         Generando código...
       Link:
         C:\Program Files (x86)\Microsoft Visual Studio 12.0\VC\bin\link.exe /ERRORREPORT:PROMPT /OUT:"D:\Master\Animacion Avanzada (AA)\Prac3-Particulas\practica3\build\vc100\Debug\practica3.exe" /INCREMENTAL /NOLOGO /LIBPATH:"..\..\third_party_libraries\freeglut-2.8.1\lib\Win32\Debug" freeglut.lib kernel32.lib user32.lib gdi32.lib winspool.lib comdlg32.lib advapi32.lib shell32.lib ole32.lib oleaut32.lib uuid.lib odbc32.lib odbccp32.lib /MANIFEST /MANIFESTUAC:"level='asInvoker' uiAccess='false'" /manifest:embed /DEBUG /PDB:"D:\Master\Animacion Avanzada (AA)\Prac3-Particulas\practica3\build\vc100\Debug\practica3.pdb" /SUBSYSTEM:CONSOLE /TLBID:1 /DYNAMICBASE /NXCOMPAT /IMPLIB:"D:\Master\Animacion Avanzada (AA)\Prac3-Particulas\practica3\build\vc100\Debug\practica3.lib" /MACHINE:X86 Debug\obj\fluid2Exercise.obj
         Debug\obj\fluidVisualizer2.obj
         Debug\obj\index2.obj
         Debug\obj\main.obj
         Debug\obj\scene.obj
         Debug\obj\vec2.obj
         practica3.vcxproj -> D:\Master\Animacion Avanzada (AA)\Prac3-Particulas\practica3\build\vc100\Debug\practica3.exe
     1>Compilación del proyecto terminada "D:\Master\Animacion Avanzada (AA)\Prac3-Particulas\practica3\build\vc100\practica3.vcxproj" (Build destinos).

Compilación correcta.

Tiempo transcurrido 00:00:03.74
